CRITICAL - 2022-08-30 04:49:55 --> Invalid file: templates/header.php
#0 C:\xampp\htdocs\prakweblan\vendor\codeigniter4\framework\system\View\View.php(198): CodeIgniter\Exceptions\FrameworkException::forInvalidFile('templates/heade...')
#1 C:\xampp\htdocs\prakweblan\vendor\codeigniter4\framework\system\Common.php(1089): CodeIgniter\View\View->render('templates/heade...', Array, true)
#2 C:\xampp\htdocs\prakweblan\app\Controllers\Pages.php(16): view('templates/heade...', Array)
#3 C:\xampp\htdocs\prakweblan\vendor\codeigniter4\framework\system\CodeIgniter.php(832): App\Controllers\Pages->view('home')
#4 C:\xampp\htdocs\prakweblan\vendor\codeigniter4\framework\system\CodeIgniter.php(419): CodeIgniter\CodeIgniter->runController(Object(App\Controllers\Pages))
#5 C:\xampp\htdocs\prakweblan\vendor\codeigniter4\framework\system\CodeIgniter.php(326): CodeIgniter\CodeIgniter->handleRequest(NULL, Object(Config\Cache), false)
#6 C:\xampp\htdocs\prakweblan\public\index.php(37): CodeIgniter\CodeIgniter->run()
#7 C:\xampp\htdocs\prakweblan\vendor\codeigniter4\framework\system\Commands\Server\rewrite.php(43): require_once('C:\\xampp\\htdocs...')
#8 {main}
CRITICAL - 2022-08-30 04:50:10 --> Invalid file: templates/header.php
#0 C:\xampp\htdocs\prakweblan\vendor\codeigniter4\framework\system\View\View.php(198): CodeIgniter\Exceptions\FrameworkException::forInvalidFile('templates/heade...')
#1 C:\xampp\htdocs\prakweblan\vendor\codeigniter4\framework\system\Common.php(1089): CodeIgniter\View\View->render('templates/heade...', Array, true)
#2 C:\xampp\htdocs\prakweblan\app\Controllers\Pages.php(16): view('templates/heade...', Array)
#3 C:\xampp\htdocs\prakweblan\vendor\codeigniter4\framework\system\CodeIgniter.php(832): App\Controllers\Pages->view('Home')
#4 C:\xampp\htdocs\prakweblan\vendor\codeigniter4\framework\system\CodeIgniter.php(419): CodeIgniter\CodeIgniter->runController(Object(App\Controllers\Pages))
#5 C:\xampp\htdocs\prakweblan\vendor\codeigniter4\framework\system\CodeIgniter.php(326): CodeIgniter\CodeIgniter->handleRequest(NULL, Object(Config\Cache), false)
#6 C:\xampp\htdocs\prakweblan\public\index.php(37): CodeIgniter\CodeIgniter->run()
#7 C:\xampp\htdocs\prakweblan\vendor\codeigniter4\framework\system\Commands\Server\rewrite.php(43): require_once('C:\\xampp\\htdocs...')
#8 {main}
CRITICAL - 2022-08-30 04:51:54 --> Invalid file: templates/header.php
#0 C:\xampp\htdocs\prakweblan\vendor\codeigniter4\framework\system\View\View.php(198): CodeIgniter\Exceptions\FrameworkException::forInvalidFile('templates/heade...')
#1 C:\xampp\htdocs\prakweblan\vendor\codeigniter4\framework\system\Common.php(1089): CodeIgniter\View\View->render('templates/heade...', Array, true)
#2 C:\xampp\htdocs\prakweblan\app\Controllers\Pages.php(16): view('templates/heade...', Array)
#3 C:\xampp\htdocs\prakweblan\vendor\codeigniter4\framework\system\CodeIgniter.php(832): App\Controllers\Pages->view('home')
#4 C:\xampp\htdocs\prakweblan\vendor\codeigniter4\framework\system\CodeIgniter.php(419): CodeIgniter\CodeIgniter->runController(Object(App\Controllers\Pages))
#5 C:\xampp\htdocs\prakweblan\vendor\codeigniter4\framework\system\CodeIgniter.php(326): CodeIgniter\CodeIgniter->handleRequest(NULL, Object(Config\Cache), false)
#6 C:\xampp\htdocs\prakweblan\public\index.php(37): CodeIgniter\CodeIgniter->run()
#7 C:\xampp\htdocs\prakweblan\vendor\codeigniter4\framework\system\Commands\Server\rewrite.php(43): require_once('C:\\xampp\\htdocs...')
#8 {main}
